#   File name            Distance
1    U_helix_1.pdb        40.94    29 (-116.46990203857422, -41.119171142578125)
2    U_helix_2.pdb        34.01    29 (-100.94406127929688, -14.551700592041016)
3    U_helix_3.pdb        39.92    29 (-89.06173706054688, -81.47402954101562)
4    U_helix_4.pdb        25.49    29 (-86.58316802978516, -41.41770553588867)
5    U_helix_5.pdb        23.49    29 (-80.1707534790039, -50.459205627441406)
6    U_helix_6.pdb        21.78    29 (-79.94315338134766, -31.915937423706055)
7    U_helix_7.pdb        19.77    29 (-76.61148071289062, -37.83049011230469)
8    U_helix_8.pdb        20.44    29 (-76.44195556640625, -28.4343318939209)
9    U_helix_9.pdb        19.06    29 (-73.86849212646484, -28.97428321838379)
10   U_helix_10.pdb       18.28    29 (-71.58903503417969, -27.29974937438965)
11   U_helix_11.pdb       16.77    29 (-71.18693542480469, -37.75306701660156)
12   U_helix_12.pdb       16.59    29 (-70.86012268066406, -37.606258392333984)
13   U_helix_13.pdb       18.27    29 (-70.50489807128906, -25.322702407836914)
14   U_helix_14.pdb       23.43    29 (-70.42333221435547, -11.162373542785645)
15   U_helix_15.pdb       16.11    29 (-69.79801940917969, -41.28443145751953)
16   U_helix_16.pdb       15.65    29 (-68.54573059082031, -33.29055404663086)
17   U_helix_17.pdb       14.98    29 (-67.78120422363281, -41.32462692260742)
18   U_helix_18.pdb       15.09    29 (-66.43730163574219, -47.29899978637695)
19   U_helix_19.pdb       16.99    29 (-66.08631896972656, -23.022178649902344)
20   U_helix_20.pdb       14.28    29 (-65.08526611328125, -30.872766494750977)
21   U_helix_21.pdb       14.67    29 (-64.95262145996094, -48.96770477294922)
22   U_helix_22.pdb       12.74    29 (-63.79671096801758, -37.10122299194336)
23   U_helix_23.pdb       12.69    29 (-62.65116882324219, -32.652061462402344)
24   U_helix_24.pdb       12.93    29 (-62.33879470825195, -47.58149337768555)
25   U_helix_25.pdb       11.87    29 (-61.576995849609375, -44.33405303955078)
26   U_helix_26.pdb       12.81    29 (-60.91769790649414, -49.872581481933594)
27   U_helix_27.pdb       14.54    29 (-60.769203186035156, -55.0628776550293)
28   U_helix_28.pdb       10.63    29 (-59.36294174194336, -44.03278732299805)
29   U_helix_29.pdb       11.12    29 (-58.62078857421875, -48.016719818115234)
30   U_helix_30.pdb       9.73     29 (-58.105690002441406, -42.14945983886719)
31   U_helix_31.pdb       9.19     29 (-57.34004592895508, -39.09020233154297)
32   U_helix_32.pdb       10.14    29 (-57.048221588134766, -47.26634216308594)
33   U_helix_33.pdb       10.28    29 (-56.90250015258789, -48.021705627441406)
34   U_helix_34.pdb       13.61    29 (-56.62630081176758, -22.010334014892578)
35   U_helix_35.pdb       9.56     29 (-55.257667541503906, -48.15983581542969)
36   U_helix_36.pdb       8.17     29 (-55.248226165771484, -41.14173126220703)
37   U_helix_37.pdb       7.18     29 (-53.33686828613281, -39.00072479248047)
38   U_helix_38.pdb       9.55     29 (-44.463218688964844, -54.57436752319336)
39   U_helix_39.pdb       8.02     29 (-39.56572341918945, -50.36243438720703)
40   U_helix_40.pdb       10.03    29 (-38.418636322021484, -54.35171890258789)
41   U_helix_41.pdb       27.15    28 (-116.46990203857422, -41.119171142578125)
42   U_helix_42.pdb       21.57    28 (-100.94406127929688, -14.551700592041016)
43   U_helix_43.pdb       32.02    28 (-89.06173706054688, -81.47402954101562)
44   U_helix_44.pdb       12.20    28 (-86.58316802978516, -41.41770553588867)
45   U_helix_45.pdb       13.22    28 (-80.1707534790039, -50.459205627441406)
46   U_helix_46.pdb       8.00     28 (-79.94315338134766, -31.915937423706055)
47   U_helix_47.pdb       7.14     28 (-76.61148071289062, -37.83049011230469)
48   U_helix_48.pdb       7.05     28 (-76.44195556640625, -28.4343318939209)
49   U_helix_49.pdb       5.99     28 (-73.86849212646484, -28.97428321838379)
50   U_helix_50.pdb       5.78     28 (-71.58903503417969, -27.29974937438965)
51   U_helix_51.pdb       5.73     28 (-71.18693542480469, -37.75306701660156)
52   U_helix_52.pdb       5.64     28 (-70.86012268066406, -37.606258392333984)
53   U_helix_53.pdb       6.23     28 (-70.50489807128906, -25.322702407836914)
54   U_helix_54.pdb       13.23    28 (-70.42333221435547, -11.162373542785645)
55   U_helix_55.pdb       6.99     28 (-69.79801940917969, -41.28443145751953)
56   U_helix_56.pdb       4.49     28 (-68.54573059082031, -33.29055404663086)
57   U_helix_57.pdb       7.04     28 (-67.78120422363281, -41.32462692260742)
58   U_helix_58.pdb       10.07    28 (-66.43730163574219, -47.29899978637695)
59   U_helix_59.pdb       6.60     28 (-66.08631896972656, -23.022178649902344)
60   U_helix_60.pdb       4.58     28 (-65.08526611328125, -30.872766494750977)
61   U_helix_61.pdb       11.11    28 (-64.95262145996094, -48.96770477294922)
62   U_helix_62.pdb       5.95     28 (-63.79671096801758, -37.10122299194336)
63   U_helix_63.pdb       5.21     28 (-62.65116882324219, -32.652061462402344)
64   U_helix_64.pdb       10.89    28 (-62.33879470825195, -47.58149337768555)
65   U_helix_65.pdb       9.53     28 (-61.576995849609375, -44.33405303955078)
66   U_helix_66.pdb       12.34    28 (-60.91769790649414, -49.872581481933594)
67   U_helix_67.pdb       14.97    28 (-60.769203186035156, -55.0628776550293)
68   U_helix_68.pdb       10.05    28 (-59.36294174194336, -44.03278732299805)
69   U_helix_69.pdb       12.09    28 (-58.62078857421875, -48.016719818115234)
70   U_helix_70.pdb       9.70     28 (-58.105690002441406, -42.14945983886719)
71   U_helix_71.pdb       8.85     28 (-57.34004592895508, -39.09020233154297)
72   U_helix_72.pdb       12.26    28 (-57.048221588134766, -47.26634216308594)
73   U_helix_73.pdb       12.65    28 (-56.90250015258789, -48.021705627441406)
74   U_helix_74.pdb       7.96     28 (-56.62630081176758, -22.010334014892578)
75   U_helix_75.pdb       13.29    28 (-55.257667541503906, -48.15983581542969)
76   U_helix_76.pdb       10.45    28 (-55.248226165771484, -41.14173126220703)
77   U_helix_77.pdb       10.57    28 (-53.33686828613281, -39.00072479248047)
78   U_helix_78.pdb       20.28    28 (-44.463218688964844, -54.57436752319336)
79   U_helix_79.pdb       20.99    28 (-39.56572341918945, -50.36243438720703)
80   U_helix_80.pdb       22.93    28 (-38.418636322021484, -54.35171890258789)
81   U_helix_81.pdb       25.67    27 (-116.46990203857422, -41.119171142578125)
82   U_helix_82.pdb       26.39    27 (-100.94406127929688, -14.551700592041016)
83   U_helix_83.pdb       24.76    27 (-89.06173706054688, -81.47402954101562)
84   U_helix_84.pdb       10.90    27 (-86.58316802978516, -41.41770553588867)
85   U_helix_85.pdb       7.33     27 (-80.1707534790039, -50.459205627441406)
86   U_helix_86.pdb       12.54    27 (-79.94315338134766, -31.915937423706055)
87   U_helix_87.pdb       8.98     27 (-76.61148071289062, -37.83049011230469)
88   U_helix_88.pdb       13.84    27 (-76.44195556640625, -28.4343318939209)
89   U_helix_89.pdb       13.29    27 (-73.86849212646484, -28.97428321838379)
90   U_helix_90.pdb       14.09    27 (-71.58903503417969, -27.29974937438965)
91   U_helix_91.pdb       8.55     27 (-71.18693542480469, -37.75306701660156)
92   U_helix_92.pdb       8.63     27 (-70.86012268066406, -37.606258392333984)
93   U_helix_93.pdb       15.16    27 (-70.50489807128906, -25.322702407836914)
94   U_helix_94.pdb       23.09    27 (-70.42333221435547, -11.162373542785645)
95   U_helix_95.pdb       7.04     27 (-69.79801940917969, -41.28443145751953)
96   U_helix_96.pdb       10.89    27 (-68.54573059082031, -33.29055404663086)
97   U_helix_97.pdb       7.28     27 (-67.78120422363281, -41.32462692260742)
98   U_helix_98.pdb       6.08     27 (-66.43730163574219, -47.29899978637695)
99   U_helix_99.pdb       16.44    27 (-66.08631896972656, -23.022178649902344)
100  U_helix_100.pdb      12.44    27 (-65.08526611328125, -30.872766494750977)
101  U_helix_101.pdb      6.48     27 (-64.95262145996094, -48.96770477294922)
102  U_helix_102.pdb      9.79     27 (-63.79671096801758, -37.10122299194336)
103  U_helix_103.pdb      11.96    27 (-62.65116882324219, -32.652061462402344)
104  U_helix_104.pdb      7.56     27 (-62.33879470825195, -47.58149337768555)
105  U_helix_105.pdb      8.28     27 (-61.576995849609375, -44.33405303955078)
106  U_helix_106.pdb      8.18     27 (-60.91769790649414, -49.872581481933594)
107  U_helix_107.pdb      8.97     27 (-60.769203186035156, -55.0628776550293)
108  U_helix_108.pdb      9.27     27 (-59.36294174194336, -44.03278732299805)
109  U_helix_109.pdb      9.25     27 (-58.62078857421875, -48.016719818115234)
110  U_helix_110.pdb      10.15    27 (-58.105690002441406, -42.14945983886719)
111  U_helix_111.pdb      11.18    27 (-57.34004592895508, -39.09020233154297)
112  U_helix_112.pdb      10.04    27 (-57.048221588134766, -47.26634216308594)
113  U_helix_113.pdb      10.09    27 (-56.90250015258789, -48.021705627441406)
114  U_helix_114.pdb      17.78    27 (-56.62630081176758, -22.010334014892578)
115  U_helix_115.pdb      10.93    27 (-55.257667541503906, -48.15983581542969)
116  U_helix_116.pdb      11.60    27 (-55.248226165771484, -41.14173126220703)
117  U_helix_117.pdb      12.85    27 (-53.33686828613281, -39.00072479248047)
118  U_helix_118.pdb      17.28    27 (-44.463218688964844, -54.57436752319336)
119  U_helix_119.pdb      19.53    27 (-39.56572341918945, -50.36243438720703)
120  U_helix_120.pdb      20.61    27 (-38.418636322021484, -54.35171890258789)
121  U_helix_121.pdb      34.09    26 (-116.46990203857422, -41.119171142578125)
122  U_helix_122.pdb      34.80    26 (-100.94406127929688, -14.551700592041016)
123  U_helix_123.pdb      28.69    26 (-89.06173706054688, -81.47402954101562)
124  U_helix_124.pdb      23.01    26 (-86.58316802978516, -41.41770553588867)
125  U_helix_125.pdb      19.13    26 (-80.1707534790039, -50.459205627441406)
126  U_helix_126.pdb      23.14    26 (-79.94315338134766, -31.915937423706055)
127  U_helix_127.pdb      20.12    26 (-76.61148071289062, -37.83049011230469)
128  U_helix_128.pdb      23.30    26 (-76.44195556640625, -28.4343318939209)
129  U_helix_129.pdb      22.31    26 (-73.86849212646484, -28.97428321838379)
130  U_helix_130.pdb      22.32    26 (-71.58903503417969, -27.29974937438965)
131  U_helix_131.pdb      18.21    26 (-71.18693542480469, -37.75306701660156)
132  U_helix_132.pdb      18.14    26 (-70.86012268066406, -37.606258392333984)
133  U_helix_133.pdb      22.85    26 (-70.50489807128906, -25.322702407836914)
134  U_helix_134.pdb      29.25    26 (-70.42333221435547, -11.162373542785645)
135  U_helix_135.pdb      16.58    26 (-69.79801940917969, -41.28443145751953)
136  U_helix_136.pdb      18.96    26 (-68.54573059082031, -33.29055404663086)
137  U_helix_137.pdb      15.81    26 (-67.78120422363281, -41.32462692260742)
138  U_helix_138.pdb      13.66    26 (-66.43730163574219, -47.29899978637695)
139  U_helix_139.pdb      22.68    26 (-66.08631896972656, -23.022178649902344)
140  U_helix_140.pdb      18.90    26 (-65.08526611328125, -30.872766494750977)
141  U_helix_141.pdb      12.68    26 (-64.95262145996094, -48.96770477294922)
142  U_helix_142.pdb      15.93    26 (-63.79671096801758, -37.10122299194336)
143  U_helix_143.pdb      17.42    26 (-62.65116882324219, -32.652061462402344)
144  U_helix_144.pdb      11.92    26 (-62.33879470825195, -47.58149337768555)
145  U_helix_145.pdb      12.56    26 (-61.576995849609375, -44.33405303955078)
146  U_helix_146.pdb      10.81    26 (-60.91769790649414, -49.872581481933594)
147  U_helix_147.pdb      10.02    26 (-60.769203186035156, -55.0628776550293)
148  U_helix_148.pdb      11.86    26 (-59.36294174194336, -44.03278732299805)
149  U_helix_149.pdb      10.35    26 (-58.62078857421875, -48.016719818115234)
150  U_helix_150.pdb      12.11    26 (-58.105690002441406, -42.14945983886719)
151  U_helix_151.pdb      13.09    26 (-57.34004592895508, -39.09020233154297)
152  U_helix_152.pdb      9.98     26 (-57.048221588134766, -47.26634216308594)
153  U_helix_153.pdb      9.70     26 (-56.90250015258789, -48.021705627441406)
154  U_helix_154.pdb      20.80    26 (-56.62630081176758, -22.010334014892578)
155  U_helix_155.pdb      9.07     26 (-55.257667541503906, -48.15983581542969)
156  U_helix_156.pdb      11.62    26 (-55.248226165771484, -41.14173126220703)
157  U_helix_157.pdb      11.99    26 (-53.33686828613281, -39.00072479248047)
158  U_helix_158.pdb      4.75     26 (-44.463218688964844, -54.57436752319336)
159  U_helix_159.pdb      5.62     26 (-39.56572341918945, -50.36243438720703)
160  U_helix_160.pdb      5.26     26 (-38.418636322021484, -54.35171890258789)
161  U_helix_161.pdb      32.32    25 (-116.46990203857422, -41.119171142578125)
162  U_helix_162.pdb      26.80    25 (-100.94406127929688, -14.551700592041016)
163  U_helix_163.pdb      31.25    25 (-89.06173706054688, -81.47402954101562)
164  U_helix_164.pdb      19.81    25 (-86.58316802978516, -41.41770553588867)
165  U_helix_165.pdb      18.80    25 (-80.1707534790039, -50.459205627441406)
166  U_helix_166.pdb      16.42    25 (-79.94315338134766, -31.915937423706055)
167  U_helix_167.pdb      15.30    25 (-76.61148071289062, -37.83049011230469)
168  U_helix_168.pdb      14.99    25 (-76.44195556640625, -28.4343318939209)
169  U_helix_169.pdb      13.87    25 (-73.86849212646484, -28.97428321838379)
170  U_helix_170.pdb      12.98    25 (-71.58903503417969, -27.29974937438965)
171  U_helix_171.pdb      13.16    25 (-71.18693542480469, -37.75306701660156)
172  U_helix_172.pdb      13.01    25 (-70.86012268066406, -37.606258392333984)
173  U_helix_173.pdb      12.66    25 (-70.50489807128906, -25.322702407836914)
174  U_helix_174.pdb      15.27    25 (-70.42333221435547, -11.162373542785645)
175  U_helix_175.pdb      13.18    25 (-69.79801940917969, -41.28443145751953)
176  U_helix_176.pdb      11.74    25 (-68.54573059082031, -33.29055404663086)
177  U_helix_177.pdb      12.50    25 (-67.78120422363281, -41.32462692260742)
178  U_helix_178.pdb      13.51    25 (-66.43730163574219, -47.29899978637695)
179  U_helix_179.pdb      11.04    25 (-66.08631896972656, -23.022178649902344)
180  U_helix_180.pdb      10.29    25 (-65.08526611328125, -30.872766494750977)
181  U_helix_181.pdb      13.61    25 (-64.95262145996094, -48.96770477294922)
182  U_helix_182.pdb      10.47    25 (-63.79671096801758, -37.10122299194336)
183  U_helix_183.pdb      9.52     25 (-62.65116882324219, -32.652061462402344)
184  U_helix_184.pdb      12.62    25 (-62.33879470825195, -47.58149337768555)
185  U_helix_185.pdb      11.51    25 (-61.576995849609375, -44.33405303955078)
186  U_helix_186.pdb      13.08    25 (-60.91769790649414, -49.872581481933594)
187  U_helix_187.pdb      14.83    25 (-60.769203186035156, -55.0628776550293)
188  U_helix_188.pdb      11.00    25 (-59.36294174194336, -44.03278732299805)
189  U_helix_189.pdb      12.13    25 (-58.62078857421875, -48.016719818115234)
190  U_helix_190.pdb      10.23    25 (-58.105690002441406, -42.14945983886719)
191  U_helix_191.pdb      9.26     25 (-57.34004592895508, -39.09020233154297)
192  U_helix_192.pdb      11.70    25 (-57.048221588134766, -47.26634216308594)
193  U_helix_193.pdb      11.94    25 (-56.90250015258789, -48.021705627441406)
194  U_helix_194.pdb      7.38     25 (-56.62630081176758, -22.010334014892578)
195  U_helix_195.pdb      11.86    25 (-55.257667541503906, -48.15983581542969)
196  U_helix_196.pdb      9.54     25 (-55.248226165771484, -41.14173126220703)
197  U_helix_197.pdb      8.72     25 (-53.33686828613281, -39.00072479248047)
198  U_helix_198.pdb      14.88    25 (-44.463218688964844, -54.57436752319336)
199  U_helix_199.pdb      14.33    25 (-39.56572341918945, -50.36243438720703)
200  U_helix_200.pdb      16.05    25 (-38.418636322021484, -54.35171890258789)
201  U_helix_201.pdb      18.73    24 (-116.46990203857422, -41.119171142578125)
202  U_helix_202.pdb      15.51    24 (-100.94406127929688, -14.551700592041016)
203  U_helix_203.pdb      25.31    24 (-89.06173706054688, -81.47402954101562)
204  U_helix_204.pdb      6.07     24 (-86.58316802978516, -41.41770553588867)
205  U_helix_205.pdb      9.05     24 (-80.1707534790039, -50.459205627441406)
206  U_helix_206.pdb      5.67     24 (-79.94315338134766, -31.915937423706055)
207  U_helix_207.pdb      5.90     24 (-76.61148071289062, -37.83049011230469)
208  U_helix_208.pdb      7.23     24 (-76.44195556640625, -28.4343318939209)
209  U_helix_209.pdb      7.72     24 (-73.86849212646484, -28.97428321838379)
210  U_helix_210.pdb      8.81     24 (-71.58903503417969, -27.29974937438965)
211  U_helix_211.pdb      7.78     24 (-71.18693542480469, -37.75306701660156)
212  U_helix_212.pdb      7.90     24 (-70.86012268066406, -37.606258392333984)
213  U_helix_213.pdb      9.67     24 (-70.50489807128906, -25.322702407836914)
214  U_helix_214.pdb      14.83    24 (-70.42333221435547, -11.162373542785645)
215  U_helix_215.pdb      8.72     24 (-69.79801940917969, -41.28443145751953)
216  U_helix_216.pdb      8.91     24 (-68.54573059082031, -33.29055404663086)
217  U_helix_217.pdb      9.56     24 (-67.78120422363281, -41.32462692260742)
218  U_helix_218.pdb      11.32    24 (-66.43730163574219, -47.29899978637695)
219  U_helix_219.pdb      11.61    24 (-66.08631896972656, -23.022178649902344)
220  U_helix_220.pdb      10.56    24 (-65.08526611328125, -30.872766494750977)
221  U_helix_221.pdb      12.34    24 (-64.95262145996094, -48.96770477294922)
222  U_helix_222.pdb      10.97    24 (-63.79671096801758, -37.10122299194336)
223  U_helix_223.pdb      11.49    24 (-62.65116882324219, -32.652061462402344)
224  U_helix_224.pdb      13.10    24 (-62.33879470825195, -47.58149337768555)
225  U_helix_225.pdb      12.80    24 (-61.576995849609375, -44.33405303955078)
226  U_helix_226.pdb      14.24    24 (-60.91769790649414, -49.872581481933594)
227  U_helix_227.pdb      15.67    24 (-60.769203186035156, -55.0628776550293)
228  U_helix_228.pdb      13.78    24 (-59.36294174194336, -44.03278732299805)
229  U_helix_229.pdb      14.84    24 (-58.62078857421875, -48.016719818115234)
230  U_helix_230.pdb      14.10    24 (-58.105690002441406, -42.14945983886719)
231  U_helix_231.pdb      14.14    24 (-57.34004592895508, -39.09020233154297)
232  U_helix_232.pdb      15.42    24 (-57.048221588134766, -47.26634216308594)
233  U_helix_233.pdb      15.63    24 (-56.90250015258789, -48.021705627441406)
234  U_helix_234.pdb      15.05    24 (-56.62630081176758, -22.010334014892578)
235  U_helix_235.pdb      16.42    24 (-55.257667541503906, -48.15983581542969)
236  U_helix_236.pdb      15.35    24 (-55.248226165771484, -41.14173126220703)
237  U_helix_237.pdb      16.06    24 (-53.33686828613281, -39.00072479248047)
238  U_helix_238.pdb      22.69    24 (-44.463218688964844, -54.57436752319336)
239  U_helix_239.pdb      24.27    24 (-39.56572341918945, -50.36243438720703)
240  U_helix_240.pdb      25.49    24 (-38.418636322021484, -54.35171890258789)
241  U_helix_241.pdb      26.75    23 (-116.46990203857422, -41.119171142578125)
242  U_helix_242.pdb      31.84    23 (-100.94406127929688, -14.551700592041016)
243  U_helix_243.pdb      14.12    23 (-89.06173706054688, -81.47402954101562)
244  U_helix_244.pdb      17.36    23 (-86.58316802978516, -41.41770553588867)
245  U_helix_245.pdb      12.30    23 (-80.1707534790039, -50.459205627441406)
246  U_helix_246.pdb      21.09    23 (-79.94315338134766, -31.915937423706055)
247  U_helix_247.pdb      18.03    23 (-76.61148071289062, -37.83049011230469)
248  U_helix_248.pdb      22.63    23 (-76.44195556640625, -28.4343318939209)
249  U_helix_249.pdb      22.32    23 (-73.86849212646484, -28.97428321838379)
250  U_helix_250.pdb      23.14    23 (-71.58903503417969, -27.29974937438965)
251  U_helix_251.pdb      18.13    23 (-71.18693542480469, -37.75306701660156)
252  U_helix_252.pdb      18.22    23 (-70.86012268066406, -37.606258392333984)
253  U_helix_253.pdb      24.09    23 (-70.50489807128906, -25.322702407836914)
254  U_helix_254.pdb      30.60    23 (-70.42333221435547, -11.162373542785645)
255  U_helix_255.pdb      16.52    23 (-69.79801940917969, -41.28443145751953)
256  U_helix_256.pdb      20.42    23 (-68.54573059082031, -33.29055404663086)
257  U_helix_257.pdb      16.70    23 (-67.78120422363281, -41.32462692260742)
258  U_helix_258.pdb      14.13    23 (-66.43730163574219, -47.29899978637695)
259  U_helix_259.pdb      25.29    23 (-66.08631896972656, -23.022178649902344)
260  U_helix_260.pdb      21.81    23 (-65.08526611328125, -30.872766494750977)
261  U_helix_261.pdb      13.67    23 (-64.95262145996094, -48.96770477294922)
262  U_helix_262.pdb      19.15    23 (-63.79671096801758, -37.10122299194336)
263  U_helix_263.pdb      21.28    23 (-62.65116882324219, -32.652061462402344)
264  U_helix_264.pdb      14.85    23 (-62.33879470825195, -47.58149337768555)
265  U_helix_265.pdb      16.40    23 (-61.576995849609375, -44.33405303955078)
266  U_helix_266.pdb      14.29    23 (-60.91769790649414, -49.872581481933594)
267  U_helix_267.pdb      12.34    23 (-60.769203186035156, -55.0628776550293)
268  U_helix_268.pdb      17.05    23 (-59.36294174194336, -44.03278732299805)
269  U_helix_269.pdb      15.68    23 (-58.62078857421875, -48.016719818115234)
270  U_helix_270.pdb      18.12    23 (-58.105690002441406, -42.14945983886719)
271  U_helix_271.pdb      19.52    23 (-57.34004592895508, -39.09020233154297)
272  U_helix_272.pdb      16.44    23 (-57.048221588134766, -47.26634216308594)
273  U_helix_273.pdb      16.21    23 (-56.90250015258789, -48.021705627441406)
274  U_helix_274.pdb      26.43    23 (-56.62630081176758, -22.010334014892578)
275  U_helix_275.pdb      16.70    23 (-55.257667541503906, -48.15983581542969)
276  U_helix_276.pdb      19.25    23 (-55.248226165771484, -41.14173126220703)
277  U_helix_277.pdb      20.54    23 (-53.33686828613281, -39.00072479248047)
278  U_helix_278.pdb      19.28    23 (-44.463218688964844, -54.57436752319336)
279  U_helix_279.pdb      22.37    23 (-39.56572341918945, -50.36243438720703)
280  U_helix_280.pdb      22.16    23 (-38.418636322021484, -54.35171890258789)
281  U_helix_281.pdb      17.32    22 (-116.46990203857422, -41.119171142578125)
282  U_helix_282.pdb      17.14    22 (-100.94406127929688, -14.551700592041016)
283  U_helix_283.pdb      23.10    22 (-89.06173706054688, -81.47402954101562)
284  U_helix_284.pdb      6.60     22 (-86.58316802978516, -41.41770553588867)
285  U_helix_285.pdb      6.51     22 (-80.1707534790039, -50.459205627441406)
286  U_helix_286.pdb      7.38     22 (-79.94315338134766, -31.915937423706055)
287  U_helix_287.pdb      5.03     22 (-76.61148071289062, -37.83049011230469)
288  U_helix_288.pdb      8.73     22 (-76.44195556640625, -28.4343318939209)
289  U_helix_289.pdb      8.50     22 (-73.86849212646484, -28.97428321838379)
290  U_helix_290.pdb      9.35     22 (-71.58903503417969, -27.29974937438965)
291  U_helix_291.pdb      5.17     22 (-71.18693542480469, -37.75306701660156)
292  U_helix_292.pdb      5.25     22 (-70.86012268066406, -37.606258392333984)
293  U_helix_293.pdb      10.32    22 (-70.50489807128906, -25.322702407836914)
294  U_helix_294.pdb      17.07    22 (-70.42333221435547, -11.162373542785645)
295  U_helix_295.pdb      4.57     22 (-69.79801940917969, -41.28443145751953)
296  U_helix_296.pdb      7.04     22 (-68.54573059082031, -33.29055404663086)
297  U_helix_297.pdb      4.93     22 (-67.78120422363281, -41.32462692260742)
298  U_helix_298.pdb      5.40     22 (-66.43730163574219, -47.29899978637695)
299  U_helix_299.pdb      11.69    22 (-66.08631896972656, -23.022178649902344)
300  U_helix_300.pdb      8.49     22 (-65.08526611328125, -30.872766494750977)
301  U_helix_301.pdb      6.06     22 (-64.95262145996094, -48.96770477294922)
302  U_helix_302.pdb      6.71     22 (-63.79671096801758, -37.10122299194336)
303  U_helix_303.pdb      8.29     22 (-62.65116882324219, -32.652061462402344)
304  U_helix_304.pdb      6.51     22 (-62.33879470825195, -47.58149337768555)
305  U_helix_305.pdb      6.48     22 (-61.576995849609375, -44.33405303955078)
306  U_helix_306.pdb      7.33     22 (-60.91769790649414, -49.872581481933594)
307  U_helix_307.pdb      8.74     22 (-60.769203186035156, -55.0628776550293)
308  U_helix_308.pdb      7.20     22 (-59.36294174194336, -44.03278732299805)
309  U_helix_309.pdb      7.75     22 (-58.62078857421875, -48.016719818115234)
310  U_helix_310.pdb      7.67     22 (-58.105690002441406, -42.14945983886719)
311  U_helix_311.pdb      8.20     22 (-57.34004592895508, -39.09020233154297)
312  U_helix_312.pdb      8.19     22 (-57.048221588134766, -47.26634216308594)
313  U_helix_313.pdb      8.33     22 (-56.90250015258789, -48.021705627441406)
314  U_helix_314.pdb      13.21    22 (-56.62630081176758, -22.010334014892578)
315  U_helix_315.pdb      8.93     22 (-55.257667541503906, -48.15983581542969)
316  U_helix_316.pdb      8.71     22 (-55.248226165771484, -41.14173126220703)
317  U_helix_317.pdb      9.55     22 (-53.33686828613281, -39.00072479248047)
318  U_helix_318.pdb      13.91    22 (-44.463218688964844, -54.57436752319336)
319  U_helix_319.pdb      15.12    22 (-39.56572341918945, -50.36243438720703)
320  U_helix_320.pdb      16.17    22 (-38.418636322021484, -54.35171890258789)
321  U_helix_321.pdb      23.74    21 (-116.46990203857422, -41.119171142578125)
322  U_helix_322.pdb      15.15    21 (-100.94406127929688, -14.551700592041016)
323  U_helix_323.pdb      27.43    21 (-89.06173706054688, -81.47402954101562)
324  U_helix_324.pdb      12.75    21 (-86.58316802978516, -41.41770553588867)
325  U_helix_325.pdb      13.78    21 (-80.1707534790039, -50.459205627441406)
326  U_helix_326.pdb      8.17     21 (-79.94315338134766, -31.915937423706055)
327  U_helix_327.pdb      8.67     21 (-76.61148071289062, -37.83049011230469)
328  U_helix_328.pdb      6.43     21 (-76.44195556640625, -28.4343318939209)
329  U_helix_329.pdb      5.75     21 (-73.86849212646484, -28.97428321838379)
330  U_helix_330.pdb      4.90     21 (-71.58903503417969, -27.29974937438965)
331  U_helix_331.pdb      7.46     21 (-71.18693542480469, -37.75306701660156)
332  U_helix_332.pdb      7.36     21 (-70.86012268066406, -37.606258392333984)
333  U_helix_333.pdb      4.43     21 (-70.50489807128906, -25.322702407836914)
334  U_helix_334.pdb      6.57     21 (-70.42333221435547, -11.162373542785645)
335  U_helix_335.pdb      8.46     21 (-69.79801940917969, -41.28443145751953)
336  U_helix_336.pdb      5.70     21 (-68.54573059082031, -33.29055404663086)
337  U_helix_337.pdb      8.26     21 (-67.78120422363281, -41.32462692260742)
338  U_helix_338.pdb      10.33    21 (-66.43730163574219, -47.29899978637695)
339  U_helix_339.pdb      3.64     21 (-66.08631896972656, -23.022178649902344)
340  U_helix_340.pdb      4.80     21 (-65.08526611328125, -30.872766494750977)
341  U_helix_341.pdb      10.88    21 (-64.95262145996094, -48.96770477294922)
342  U_helix_342.pdb      6.70     21 (-63.79671096801758, -37.10122299194336)
343  U_helix_343.pdb      5.38     21 (-62.65116882324219, -32.652061462402344)
344  U_helix_344.pdb      10.38    21 (-62.33879470825195, -47.58149337768555)
345  U_helix_345.pdb      9.26     21 (-61.576995849609375, -44.33405303955078)
346  U_helix_346.pdb      11.24    21 (-60.91769790649414, -49.872581481933594)
347  U_helix_347.pdb      13.07    21 (-60.769203186035156, -55.0628776550293)
348  U_helix_348.pdb      9.34     21 (-59.36294174194336, -44.03278732299805)
349  U_helix_349.pdb      10.76    21 (-58.62078857421875, -48.016719818115234)
350  U_helix_350.pdb      8.87     21 (-58.105690002441406, -42.14945983886719)
351  U_helix_351.pdb      8.02     21 (-57.34004592895508, -39.09020233154297)
352  U_helix_352.pdb      10.68    21 (-57.048221588134766, -47.26634216308594)
353  U_helix_353.pdb      10.95    21 (-56.90250015258789, -48.021705627441406)
354  U_helix_354.pdb      4.75     21 (-56.62630081176758, -22.010334014892578)
355  U_helix_355.pdb      11.22    21 (-55.257667541503906, -48.15983581542969)
356  U_helix_356.pdb      9.04     21 (-55.248226165771484, -41.14173126220703)
357  U_helix_357.pdb      8.85     21 (-53.33686828613281, -39.00072479248047)
358  U_helix_358.pdb      15.33    21 (-44.463218688964844, -54.57436752319336)
359  U_helix_359.pdb      15.65    21 (-39.56572341918945, -50.36243438720703)
360  U_helix_360.pdb      16.93    21 (-38.418636322021484, -54.35171890258789)
361  U_helix_361.pdb      22.49    20 (-116.46990203857422, -41.119171142578125)
362  U_helix_362.pdb      11.12    20 (-100.94406127929688, -14.551700592041016)
363  U_helix_363.pdb      29.91    20 (-89.06173706054688, -81.47402954101562)
364  U_helix_364.pdb      11.20    20 (-86.58316802978516, -41.41770553588867)
365  U_helix_365.pdb      13.83    20 (-80.1707534790039, -50.459205627441406)
366  U_helix_366.pdb      6.00     20 (-79.94315338134766, -31.915937423706055)
367  U_helix_367.pdb      7.84     20 (-76.61148071289062, -37.83049011230469)
368  U_helix_368.pdb      4.91     20 (-76.44195556640625, -28.4343318939209)
369  U_helix_369.pdb      5.22     20 (-73.86849212646484, -28.97428321838379)
370  U_helix_370.pdb      5.46     20 (-71.58903503417969, -27.29974937438965)
371  U_helix_371.pdb      7.93     20 (-71.18693542480469, -37.75306701660156)
372  U_helix_372.pdb      7.92     20 (-70.86012268066406, -37.606258392333984)
373  U_helix_373.pdb      5.71     20 (-70.50489807128906, -25.322702407836914)
374  U_helix_374.pdb      9.16     20 (-70.42333221435547, -11.162373542785645)
375  U_helix_375.pdb      9.34     20 (-69.79801940917969, -41.28443145751953)
376  U_helix_376.pdb      7.10     20 (-68.54573059082031, -33.29055404663086)
377  U_helix_377.pdb      9.60     20 (-67.78120422363281, -41.32462692260742)
378  U_helix_378.pdb      11.95    20 (-66.43730163574219, -47.29899978637695)
379  U_helix_379.pdb      7.31     20 (-66.08631896972656, -23.022178649902344)
380  U_helix_380.pdb      7.70     20 (-65.08526611328125, -30.872766494750977)
381  U_helix_381.pdb      12.74    20 (-64.95262145996094, -48.96770477294922)
382  U_helix_382.pdb      9.22     20 (-63.79671096801758, -37.10122299194336)
383  U_helix_383.pdb      8.75     20 (-62.65116882324219, -32.652061462402344)
384  U_helix_384.pdb      12.65    20 (-62.33879470825195, -47.58149337768555)
385  U_helix_385.pdb      11.77    20 (-61.576995849609375, -44.33405303955078)
386  U_helix_386.pdb      13.68    20 (-60.91769790649414, -49.872581481933594)
387  U_helix_387.pdb      15.51    20 (-60.769203186035156, -55.0628776550293)
388  U_helix_388.pdb      12.23    20 (-59.36294174194336, -44.03278732299805)
389  U_helix_389.pdb      13.57    20 (-58.62078857421875, -48.016719818115234)
390  U_helix_390.pdb      12.11    20 (-58.105690002441406, -42.14945983886719)
391  U_helix_391.pdb      11.68    20 (-57.34004592895508, -39.09020233154297)
392  U_helix_392.pdb      13.74    20 (-57.048221588134766, -47.26634216308594)
393  U_helix_393.pdb      13.99    20 (-56.90250015258789, -48.021705627441406)
394  U_helix_394.pdb      11.06    20 (-56.62630081176758, -22.010334014892578)
395  U_helix_395.pdb      14.47    20 (-55.257667541503906, -48.15983581542969)
396  U_helix_396.pdb      12.81    20 (-55.248226165771484, -41.14173126220703)
397  U_helix_397.pdb      13.11    20 (-53.33686828613281, -39.00072479248047)
398  U_helix_398.pdb      19.26    20 (-44.463218688964844, -54.57436752319336)
399  U_helix_399.pdb      20.15    20 (-39.56572341918945, -50.36243438720703)
400  U_helix_400.pdb      21.25    20 (-38.418636322021484, -54.35171890258789)
401  U_helix_401.pdb      16.16    19 (-116.46990203857422, -41.119171142578125)
402  U_helix_402.pdb      22.82    19 (-100.94406127929688, -14.551700592041016)
403  U_helix_403.pdb      14.86    19 (-89.06173706054688, -81.47402954101562)
404  U_helix_404.pdb      10.50    19 (-86.58316802978516, -41.41770553588867)
405  U_helix_405.pdb      6.69     19 (-80.1707534790039, -50.459205627441406)
406  U_helix_406.pdb      14.49    19 (-79.94315338134766, -31.915937423706055)
407  U_helix_407.pdb      11.79    19 (-76.61148071289062, -37.83049011230469)
408  U_helix_408.pdb      16.16    19 (-76.44195556640625, -28.4343318939209)
409  U_helix_409.pdb      15.97    19 (-73.86849212646484, -28.97428321838379)
410  U_helix_410.pdb      16.83    19 (-71.58903503417969, -27.29974937438965)
411  U_helix_411.pdb      12.08    19 (-71.18693542480469, -37.75306701660156)
412  U_helix_412.pdb      12.17    19 (-70.86012268066406, -37.606258392333984)
413  U_helix_413.pdb      17.78    19 (-70.50489807128906, -25.322702407836914)
414  U_helix_414.pdb      24.22    19 (-70.42333221435547, -11.162373542785645)
415  U_helix_415.pdb      10.65    19 (-69.79801940917969, -41.28443145751953)
416  U_helix_416.pdb      14.26    19 (-68.54573059082031, -33.29055404663086)
417  U_helix_417.pdb      10.85    19 (-67.78120422363281, -41.32462692260742)
418  U_helix_418.pdb      8.72     19 (-66.43730163574219, -47.29899978637695)
419  U_helix_419.pdb      19.00    19 (-66.08631896972656, -23.022178649902344)
420  U_helix_420.pdb      15.59    19 (-65.08526611328125, -30.872766494750977)
421  U_helix_421.pdb      8.43     19 (-64.95262145996094, -48.96770477294922)
422  U_helix_422.pdb      13.07    19 (-63.79671096801758, -37.10122299194336)
423  U_helix_423.pdb      15.05    19 (-62.65116882324219, -32.652061462402344)
424  U_helix_424.pdb      9.40     19 (-62.33879470825195, -47.58149337768555)
425  U_helix_425.pdb      10.63    19 (-61.576995849609375, -44.33405303955078)
426  U_helix_426.pdb      9.07     19 (-60.91769790649414, -49.872581481933594)
427  U_helix_427.pdb      8.03     19 (-60.769203186035156, -55.0628776550293)
428  U_helix_428.pdb      11.17    19 (-59.36294174194336, -44.03278732299805)
429  U_helix_429.pdb      10.13    19 (-58.62078857421875, -48.016719818115234)
430  U_helix_430.pdb      12.04    19 (-58.105690002441406, -42.14945983886719)
431  U_helix_431.pdb      13.24    19 (-57.34004592895508, -39.09020233154297)
432  U_helix_432.pdb      10.72    19 (-57.048221588134766, -47.26634216308594)
433  U_helix_433.pdb      10.55    19 (-56.90250015258789, -48.021705627441406)
434  U_helix_434.pdb      19.93    19 (-56.62630081176758, -22.010334014892578)
435  U_helix_435.pdb      10.95    19 (-55.257667541503906, -48.15983581542969)
436  U_helix_436.pdb      12.94    19 (-55.248226165771484, -41.14173126220703)
437  U_helix_437.pdb      14.00    19 (-53.33686828613281, -39.00072479248047)
438  U_helix_438.pdb      13.36    19 (-44.463218688964844, -54.57436752319336)
439  U_helix_439.pdb      15.28    19 (-39.56572341918945, -50.36243438720703)
440  U_helix_440.pdb      15.44    19 (-38.418636322021484, -54.35171890258789)
441  U_helix_441.pdb      30.30    18 (-116.46990203857422, -41.119171142578125)
442  U_helix_442.pdb      28.67    18 (-100.94406127929688, -14.551700592041016)
443  U_helix_443.pdb      23.82    18 (-89.06173706054688, -81.47402954101562)
444  U_helix_444.pdb      21.67    18 (-86.58316802978516, -41.41770553588867)
445  U_helix_445.pdb      19.21    18 (-80.1707534790039, -50.459205627441406)
446  U_helix_446.pdb      20.46    18 (-79.94315338134766, -31.915937423706055)
447  U_helix_447.pdb      18.79    18 (-76.61148071289062, -37.83049011230469)
448  U_helix_448.pdb      19.80    18 (-76.44195556640625, -28.4343318939209)
449  U_helix_449.pdb      18.92    18 (-73.86849212646484, -28.97428321838379)
450  U_helix_450.pdb      18.44    18 (-71.58903503417969, -27.29974937438965)
451  U_helix_451.pdb      17.04    18 (-71.18693542480469, -37.75306701660156)
452  U_helix_452.pdb      16.95    18 (-70.86012268066406, -37.606258392333984)
453  U_helix_453.pdb      18.38    18 (-70.50489807128906, -25.322702407836914)
454  U_helix_454.pdb      20.79    18 (-70.42333221435547, -11.162373542785645)
455  U_helix_455.pdb      16.27    18 (-69.79801940917969, -41.28443145751953)
456  U_helix_456.pdb      16.67    18 (-68.54573059082031, -33.29055404663086)
457  U_helix_457.pdb      15.60    18 (-67.78120422363281, -41.32462692260742)
458  U_helix_458.pdb      14.79    18 (-66.43730163574219, -47.29899978637695)
459  U_helix_459.pdb      17.35    18 (-66.08631896972656, -23.022178649902344)
460  U_helix_460.pdb      15.85    18 (-65.08526611328125, -30.872766494750977)
461  U_helix_461.pdb      14.23    18 (-64.95262145996094, -48.96770477294922)
462  U_helix_462.pdb      14.68    18 (-63.79671096801758, -37.10122299194336)
463  U_helix_463.pdb      14.83    18 (-62.65116882324219, -32.652061462402344)
464  U_helix_464.pdb      13.42    18 (-62.33879470825195, -47.58149337768555)
465  U_helix_465.pdb      13.34    18 (-61.576995849609375, -44.33405303955078)
466  U_helix_466.pdb      12.88    18 (-60.91769790649414, -49.872581481933594)
467  U_helix_467.pdb      12.81    18 (-60.769203186035156, -55.0628776550293)
468  U_helix_468.pdb      12.63    18 (-59.36294174194336, -44.03278732299805)
469  U_helix_469.pdb      12.19    18 (-58.62078857421875, -48.016719818115234)
470  U_helix_470.pdb      12.35    18 (-58.105690002441406, -42.14945983886719)
471  U_helix_471.pdb      12.35    18 (-57.34004592895508, -39.09020233154297)
472  U_helix_472.pdb      11.71    18 (-57.048221588134766, -47.26634216308594)
473  U_helix_473.pdb      11.64    18 (-56.90250015258789, -48.021705627441406)
474  U_helix_474.pdb      14.50    18 (-56.62630081176758, -22.010334014892578)
475  U_helix_475.pdb      11.11    18 (-55.257667541503906, -48.15983581542969)
476  U_helix_476.pdb      11.49    18 (-55.248226165771484, -41.14173126220703)
477  U_helix_477.pdb      11.05    18 (-53.33686828613281, -39.00072479248047)
478  U_helix_478.pdb      8.14     18 (-44.463218688964844, -54.57436752319336)
479  U_helix_479.pdb      6.84     18 (-39.56572341918945, -50.36243438720703)
480  U_helix_480.pdb      6.98     18 (-38.418636322021484, -54.35171890258789)
481  U_helix_481.pdb      20.86    17 (-116.46990203857422, -41.119171142578125)
482  U_helix_482.pdb      11.34    17 (-100.94406127929688, -14.551700592041016)
483  U_helix_483.pdb      26.68    17 (-89.06173706054688, -81.47402954101562)
484  U_helix_484.pdb      12.17    17 (-86.58316802978516, -41.41770553588867)
485  U_helix_485.pdb      14.39    17 (-80.1707534790039, -50.459205627441406)
486  U_helix_486.pdb      7.92     17 (-79.94315338134766, -31.915937423706055)
487  U_helix_487.pdb      9.58     17 (-76.61148071289062, -37.83049011230469)
488  U_helix_488.pdb      6.51     17 (-76.44195556640625, -28.4343318939209)
489  U_helix_489.pdb      6.59     17 (-73.86849212646484, -28.97428321838379)
490  U_helix_490.pdb      6.19     17 (-71.58903503417969, -27.29974937438965)
491  U_helix_491.pdb      9.50     17 (-71.18693542480469, -37.75306701660156)
492  U_helix_492.pdb      9.47     17 (-70.86012268066406, -37.606258392333984)
493  U_helix_493.pdb      5.75     17 (-70.50489807128906, -25.322702407836914)
494  U_helix_494.pdb      4.69     17 (-70.42333221435547, -11.162373542785645)
495  U_helix_495.pdb      10.77    17 (-69.79801940917969, -41.28443145751953)
496  U_helix_496.pdb      8.25     17 (-68.54573059082031, -33.29055404663086)
497  U_helix_497.pdb      10.92    17 (-67.78120422363281, -41.32462692260742)
498  U_helix_498.pdb      13.03    17 (-66.43730163574219, -47.29899978637695)
499  U_helix_499.pdb      5.94     17 (-66.08631896972656, -23.022178649902344)
500  U_helix_500.pdb      8.04     17 (-65.08526611328125, -30.872766494750977)
501  U_helix_501.pdb      13.71    17 (-64.95262145996094, -48.96770477294922)
502  U_helix_502.pdb      10.09    17 (-63.79671096801758, -37.10122299194336)
503  U_helix_503.pdb      9.02     17 (-62.65116882324219, -32.652061462402344)
504  U_helix_504.pdb      13.55    17 (-62.33879470825195, -47.58149337768555)
505  U_helix_505.pdb      12.65    17 (-61.576995849609375, -44.33405303955078)
506  U_helix_506.pdb      14.46    17 (-60.91769790649414, -49.872581481933594)
507  U_helix_507.pdb      16.08    17 (-60.769203186035156, -55.0628776550293)
508  U_helix_508.pdb      12.94    17 (-59.36294174194336, -44.03278732299805)
509  U_helix_509.pdb      14.25    17 (-58.62078857421875, -48.016719818115234)
510  U_helix_510.pdb      12.64    17 (-58.105690002441406, -42.14945983886719)
511  U_helix_511.pdb      11.97    17 (-57.34004592895508, -39.09020233154297)
512  U_helix_512.pdb      14.31    17 (-57.048221588134766, -47.26634216308594)
513  U_helix_513.pdb      14.56    17 (-56.90250015258789, -48.021705627441406)
514  U_helix_514.pdb      8.41     17 (-56.62630081176758, -22.010334014892578)
515  U_helix_515.pdb      14.92    17 (-55.257667541503906, -48.15983581542969)
516  U_helix_516.pdb      13.01    17 (-55.248226165771484, -41.14173126220703)
517  U_helix_517.pdb      12.95    17 (-53.33686828613281, -39.00072479248047)
518  U_helix_518.pdb      19.00    17 (-44.463218688964844, -54.57436752319336)
519  U_helix_519.pdb      19.40    17 (-39.56572341918945, -50.36243438720703)
520  U_helix_520.pdb      20.54    17 (-38.418636322021484, -54.35171890258789)
521  U_helix_521.pdb      12.83    16 (-116.46990203857422, -41.119171142578125)
522  U_helix_522.pdb      9.50     16 (-100.94406127929688, -14.551700592041016)
523  U_helix_523.pdb      22.33    16 (-89.06173706054688, -81.47402954101562)
524  U_helix_524.pdb      6.51     16 (-86.58316802978516, -41.41770553588867)
525  U_helix_525.pdb      9.22     16 (-80.1707534790039, -50.459205627441406)
526  U_helix_526.pdb      6.81     16 (-79.94315338134766, -31.915937423706055)
527  U_helix_527.pdb      7.20     16 (-76.61148071289062, -37.83049011230469)
528  U_helix_528.pdb      8.23     16 (-76.44195556640625, -28.4343318939209)
529  U_helix_529.pdb      8.75     16 (-73.86849212646484, -28.97428321838379)
530  U_helix_530.pdb      9.70     16 (-71.58903503417969, -27.29974937438965)
531  U_helix_531.pdb      8.51     16 (-71.18693542480469, -37.75306701660156)
532  U_helix_532.pdb      8.60     16 (-70.86012268066406, -37.606258392333984)
533  U_helix_533.pdb      10.46    16 (-70.50489807128906, -25.322702407836914)
534  U_helix_534.pdb      14.91    16 (-70.42333221435547, -11.162373542785645)
535  U_helix_535.pdb      8.98     16 (-69.79801940917969, -41.28443145751953)
536  U_helix_536.pdb      9.53     16 (-68.54573059082031, -33.29055404663086)
537  U_helix_537.pdb      9.51     16 (-67.78120422363281, -41.32462692260742)
538  U_helix_538.pdb      10.50    16 (-66.43730163574219, -47.29899978637695)
539  U_helix_539.pdb      12.19    16 (-66.08631896972656, -23.022178649902344)
540  U_helix_540.pdb      10.85    16 (-65.08526611328125, -30.872766494750977)
541  U_helix_541.pdb      11.14    16 (-64.95262145996094, -48.96770477294922)
542  U_helix_542.pdb      10.64    16 (-63.79671096801758, -37.10122299194336)
543  U_helix_543.pdb      11.34    16 (-62.65116882324219, -32.652061462402344)
544  U_helix_544.pdb      11.59    16 (-62.33879470825195, -47.58149337768555)
545  U_helix_545.pdb      11.45    16 (-61.576995849609375, -44.33405303955078)
546  U_helix_546.pdb      12.30    16 (-60.91769790649414, -49.872581481933594)
547  U_helix_547.pdb      13.32    16 (-60.769203186035156, -55.0628776550293)
548  U_helix_548.pdb      12.08    16 (-59.36294174194336, -44.03278732299805)
549  U_helix_549.pdb      12.67    16 (-58.62078857421875, -48.016719818115234)
550  U_helix_550.pdb      12.37    16 (-58.105690002441406, -42.14945983886719)
551  U_helix_551.pdb      12.58    16 (-57.34004592895508, -39.09020233154297)
552  U_helix_552.pdb      13.04    16 (-57.048221588134766, -47.26634216308594)
553  U_helix_553.pdb      13.16    16 (-56.90250015258789, -48.021705627441406)
554  U_helix_554.pdb      14.94    16 (-56.62630081176758, -22.010334014892578)
555  U_helix_555.pdb      13.66    16 (-55.257667541503906, -48.15983581542969)
556  U_helix_556.pdb      13.23    16 (-55.248226165771484, -41.14173126220703)
557  U_helix_557.pdb      13.84    16 (-53.33686828613281, -39.00072479248047)
558  U_helix_558.pdb      17.66    16 (-44.463218688964844, -54.57436752319336)
559  U_helix_559.pdb      18.72    16 (-39.56572341918945, -50.36243438720703)
560  U_helix_560.pdb      19.48    16 (-38.418636322021484, -54.35171890258789)
